0 info it worked if it ends with ok
1 verbose cli [ '/usr/bin/node', '/usr/bin/npm', 'install', 'jsonlint', '-g' ]
2 info using npm@1.4.28
3 info using node@v0.10.33
4 verbose node symlink /usr/bin/node
5 verbose cache add [ 'jsonlint', null ]
6 verbose cache add name=undefined spec="jsonlint" args=["jsonlint",null]
7 verbose parsed url { protocol: null,
7 verbose parsed url   slashes: null,
7 verbose parsed url   auth: null,
7 verbose parsed url   host: null,
7 verbose parsed url   port: null,
7 verbose parsed url   hostname: null,
7 verbose parsed url   hash: null,
7 verbose parsed url   search: null,
7 verbose parsed url   query: null,
7 verbose parsed url   pathname: 'jsonlint',
7 verbose parsed url   path: 'jsonlint',
7 verbose parsed url   href: 'jsonlint' }
8 silly lockFile ae1977c9-jsonlint jsonlint
9 verbose lock jsonlint /home/user/.npm/ae1977c9-jsonlint.lock
10 silly lockFile ae1977c9-jsonlint jsonlint
11 silly lockFile ae1977c9-jsonlint jsonlint
12 verbose addNamed [ 'jsonlint', '' ]
13 verbose addNamed [ null, '*' ]
14 silly lockFile e5e8837b-jsonlint jsonlint@
15 verbose lock jsonlint@ /home/user/.npm/e5e8837b-jsonlint.lock
16 silly addNameRange { name: 'jsonlint', range: '*', hasData: false }
17 verbose request where is /jsonlint
18 verbose request registry https://registry.npmjs.org/
19 verbose request id b64eec6d7a10bb28
20 verbose url raw /jsonlint
21 verbose url resolving [ 'https://registry.npmjs.org/', './jsonlint' ]
22 verbose url resolved https://registry.npmjs.org/jsonlint
23 verbose request where is https://registry.npmjs.org/jsonlint
24 info trying registry request attempt 1 at 17:39:35
25 http GET https://registry.npmjs.org/jsonlint
26 http 200 https://registry.npmjs.org/jsonlint
27 silly registry.get cb [ 200,
27 silly registry.get   { date: 'Mon, 12 Jan 2015 14:39:35 GMT',
27 silly registry.get     server: 'CouchDB/1.5.0 (Erlang OTP/R16B03)',
27 silly registry.get     etag: '"AJGV8PE77XBXMU3OXWNGHK2RC"',
27 silly registry.get     'content-type': 'application/json',
27 silly registry.get     'cache-control': 'max-age=60',
27 silly registry.get     'content-length': '20056',
27 silly registry.get     'accept-ranges': 'bytes',
27 silly registry.get     via: '1.1 varnish',
27 silly registry.get     age: '15',
27 silly registry.get     'x-served-by': 'cache-iad2129-IAD',
27 silly registry.get     'x-cache': 'HIT',
27 silly registry.get     'x-cache-hits': '1',
27 silly registry.get     'x-timer': 'S1421073575.541649,VS0,VE0',
27 silly registry.get     vary: 'Accept',
27 silly registry.get     'keep-alive': 'timeout=10, max=50',
27 silly registry.get     connection: 'Keep-Alive' } ]
28 silly addNameRange number 2 { name: 'jsonlint', range: '*', hasData: true }
29 silly addNameRange versions [ 'jsonlint',
29 silly addNameRange   [ '1.0.0',
29 silly addNameRange     '1.0.1',
29 silly addNameRange     '1.1.0',
29 silly addNameRange     '1.1.1',
29 silly addNameRange     '1.2.0',
29 silly addNameRange     '1.2.1',
29 silly addNameRange     '1.3.0',
29 silly addNameRange     '1.3.1',
29 silly addNameRange     '1.3.2',
29 silly addNameRange     '1.4.0',
29 silly addNameRange     '1.4.1',
29 silly addNameRange     '1.5.0',
29 silly addNameRange     '1.5.1',
29 silly addNameRange     '1.6.0',
29 silly addNameRange     '1.6.1',
29 silly addNameRange     '1.6.2' ] ]
30 verbose addNamed [ 'jsonlint', '1.6.2' ]
31 verbose addNamed [ '1.6.2', '1.6.2' ]
32 silly lockFile 704895ba-jsonlint-1-6-2 jsonlint@1.6.2
33 verbose lock jsonlint@1.6.2 /home/user/.npm/704895ba-jsonlint-1-6-2.lock
34 silly lockFile c8116a48--org-jsonlint-jsonlint-1-6-2-tgz https://registry.npmjs.org/jsonlint/-/jsonlint-1.6.2.tgz
35 verbose lock https://registry.npmjs.org/jsonlint/-/jsonlint-1.6.2.tgz /home/user/.npm/c8116a48--org-jsonlint-jsonlint-1-6-2-tgz.lock
36 verbose addRemoteTarball [ 'https://registry.npmjs.org/jsonlint/-/jsonlint-1.6.2.tgz',
36 verbose addRemoteTarball   '5737045085f55eb455c68b1ff4ebc01bd50e8830' ]
37 info retry fetch attempt 1 at 17:39:35
38 verbose fetch to= /tmp/npm-11614-NblREu2n/registry.npmjs.org/jsonlint/-/jsonlint-1.6.2.tgz
39 http GET https://registry.npmjs.org/jsonlint/-/jsonlint-1.6.2.tgz
40 http 200 https://registry.npmjs.org/jsonlint/-/jsonlint-1.6.2.tgz
41 silly lockFile c8116a48--org-jsonlint-jsonlint-1-6-2-tgz https://registry.npmjs.org/jsonlint/-/jsonlint-1.6.2.tgz
42 silly lockFile c8116a48--org-jsonlint-jsonlint-1-6-2-tgz https://registry.npmjs.org/jsonlint/-/jsonlint-1.6.2.tgz
43 silly lockFile 704895ba-jsonlint-1-6-2 jsonlint@1.6.2
44 silly lockFile 704895ba-jsonlint-1-6-2 jsonlint@1.6.2
45 silly lockFile e5e8837b-jsonlint jsonlint@
46 silly lockFile e5e8837b-jsonlint jsonlint@
47 silly resolved [ { author:
47 silly resolved      { name: 'Zach Carter',
47 silly resolved        email: 'zach@carter.name',
47 silly resolved        url: 'http://zaa.ch' },
47 silly resolved     name: 'jsonlint',
47 silly resolved     description: 'Validate JSON',
47 silly resolved     keywords: [ 'json', 'validation', 'lint', 'jsonlint' ],
47 silly resolved     version: '1.6.2',
47 silly resolved     preferGlobal: true,
47 silly resolved     repository: { type: 'git', url: 'git://github.com/zaach/jsonlint.git' },
47 silly resolved     bugs: { url: 'http://github.com/zaach/jsonlint/issues' },
47 silly resolved     main: 'lib/jsonlint.js',
47 silly resolved     bin: { jsonlint: 'lib/cli.js' },
47 silly resolved     engines: { node: '>= 0.6' },
47 silly resolved     dependencies: { nomnom: '>= 1.5.x', JSV: '>= 4.0.x' },
47 silly resolved     devDependencies: { test: '*', jison: '*', 'uglify-js': '*' },
47 silly resolved     scripts: { test: 'node test/all-tests.js' },
47 silly resolved     homepage: 'http://zaach.github.com/jsonlint/',
47 silly resolved     optionalDependencies: {},
47 silly resolved     _id: 'jsonlint@1.6.2',
47 silly resolved     dist:
47 silly resolved      { shasum: '5737045085f55eb455c68b1ff4ebc01bd50e8830',
47 silly resolved        tarball: 'http://registry.npmjs.org/jsonlint/-/jsonlint-1.6.2.tgz' },
47 silly resolved     _from: 'jsonlint@',
47 silly resolved     _npmVersion: '1.3.26',
47 silly resolved     _npmUser: { name: 'zaach', email: 'zack.carter@gmail.com' },
47 silly resolved     maintainers: [ [Object] ],
47 silly resolved     directories: {},
47 silly resolved     _shasum: '5737045085f55eb455c68b1ff4ebc01bd50e8830',
47 silly resolved     _resolved: 'https://registry.npmjs.org/jsonlint/-/jsonlint-1.6.2.tgz' } ]
48 info install jsonlint@1.6.2 into /usr/lib
49 info installOne jsonlint@1.6.2
50 verbose lib/node_modules/jsonlint unbuild
51 verbose tar unpack /home/user/.npm/jsonlint/1.6.2/package.tgz
52 silly lockFile 42688dd0-ar-usr-lib-node-modules-jsonlint tar:///usr/lib/node_modules/jsonlint
53 verbose lock tar:///usr/lib/node_modules/jsonlint /home/user/.npm/42688dd0-ar-usr-lib-node-modules-jsonlint.lock
54 silly lockFile 56d39f84-r-npm-jsonlint-1-6-2-package-tgz tar:///home/user/.npm/jsonlint/1.6.2/package.tgz
55 verbose lock tar:///home/user/.npm/jsonlint/1.6.2/package.tgz /home/user/.npm/56d39f84-r-npm-jsonlint-1-6-2-package-tgz.lock
56 silly gunzTarPerm modes [ '775', '664' ]
57 error Error: EACCES, mkdir '/usr/lib/node_modules/jsonlint'
57 error  { [Error: EACCES, mkdir '/usr/lib/node_modules/jsonlint']
57 error   errno: 3,
57 error   code: 'EACCES',
57 error   path: '/usr/lib/node_modules/jsonlint',
57 error   fstream_type: 'Directory',
57 error   fstream_path: '/usr/lib/node_modules/jsonlint',
57 error   fstream_class: 'DirWriter',
57 error   fstream_stack:
57 error    [ '/usr/lib/node_modules/npm/node_modules/fstream/lib/dir-writer.js:36:23',
57 error      '/usr/lib/node_modules/npm/node_modules/mkdirp/index.js:46:53',
57 error      'Object.oncomplete (fs.js:107:15)' ] }
58 error Please try running this command again as root/Administrator.
59 error System Linux 3.8.0-29-generic
60 error command "/usr/bin/node" "/usr/bin/npm" "install" "jsonlint" "-g"
61 error cwd /home/user
62 error node -v v0.10.33
63 error npm -v 1.4.28
64 error path /usr/lib/node_modules/jsonlint
65 error fstream_path /usr/lib/node_modules/jsonlint
66 error fstream_type Directory
67 error fstream_class DirWriter
68 error code EACCES
69 error errno 3
70 error stack Error: EACCES, mkdir '/usr/lib/node_modules/jsonlint'
71 error fstream_stack /usr/lib/node_modules/npm/node_modules/fstream/lib/dir-writer.js:36:23
71 error fstream_stack /usr/lib/node_modules/npm/node_modules/mkdirp/index.js:46:53
71 error fstream_stack Object.oncomplete (fs.js:107:15)
72 verbose exit [ 3, true ]
